xrun(64): 23.03-s007: (c) Copyright 1995-2023 Cadence Design Systems, Inc.
TOOL:	xrun(64)	23.03-s007: Started on May 24, 2025 at 14:33:40 +07
xrun
	-work WORK
	-access +r
	../test/testbench.v
	-l ./my_work_dir/xrun.log
	-xmlibdirpath ./my_work_dir
	+define+RTL_VERIFY
Recompiling... reason: file '../test/testbench.v' is newer than expected.
	expected: Fri May 23 06:07:51 2025
	actual:   Sat May 24 14:33:38 2025
file: ../test/testbench.v
	module WORK.tb_PE:v
		errors: 0, warnings: 0
		Caching library 'WORK' ....... Done
	Elaborating the design hierarchy:
	Top level design units:
		tb_PE
	Building instance overlay tables: .................... Done
	Generating native compiled code:
		WORK.tb_PE:v <0x5f111654>
			streams:   9, words: 12023
	Building instance specific data structures.
	Loading native compiled code:     .................... Done
	Design hierarchy summary:
		                 Instances  Unique
		Modules:              1077      34
		Resolved nets:           2       1
		Registers:            1646     441
		Scalar wires:        11951       -
		Expanded wires:       2201      26
		Vectored wires:        425       -
		Always blocks:          77      28
		Initial blocks:          3       3
		Cont. assignments:    3795     148
		Pseudo assignments:     23       -
	Writing initial simulation snapshot: WORK.tb_PE:v
Loading snapshot WORK.tb_PE:v .................... Done
xcelium> source /tools/cx/XCELIUM2303/tools/xcelium/files/xmsimrc
xcelium> run
Memory Usage - Current physical: 65.5M, Current virtual: 182.8M
CPU Usage - 0.0s system + 0.3s user = 0.3s total (100.0% cpu)
Simulation complete via $finish(2) at time 100105 NS + 0
../test/testbench.v:79         $finish(2);
xcelium> exit
TOOL:	xrun(64)	23.03-s007: Exiting on May 24, 2025 at 14:33:41 +07  (total: 00:00:01)
